2023-10-14 20:28:15.438682: I tensorflow/core/util/port.cc:110] oneDNN custom operations are on. You may see slightly different numerical results due to floating-point round-off errors from different computation orders. To turn them off, set the environment variable `TF_ENABLE_ONEDNN_OPTS=0`.
2023-10-14 20:28:15.497181: I tensorflow/core/platform/cpu_feature_guard.cc:182] This TensorFlow binary is optimized to use available CPU instructions in performance-critical operations.
To enable the following instructions: AVX2 AVX512F AVX512_VNNI FMA, in other operations, rebuild TensorFlow with the appropriate compiler flags.
2023-10-14 20:28:16.539369: W tensorflow/compiler/tf2tensorrt/utils/py_utils.cc:38] TF-TRT Warning: Could not find TensorRT
2023-10-14 20:28:26.619726: W tensorflow/core/common_runtime/gpu/gpu_device.cc:1960] Cannot dlopen some GPU libraries. Please make sure the missing libraries mentioned above are installed properly if you would like to use GPU. Follow the guide at https://www.tensorflow.org/install/gpu for how to download and setup the required libraries for your platform.
Skipping registering GPU devices...
<All keys matched successfully>
['A pedestrian has been struck by a taxi in High Street after it mounted the pavement.']
article 305
golden_summary 84
eval 0
article The injured pedestrian - a young man - is thought to have been walking with a group of people from a graduation ceremony at the Caird Hall. The incident took place on High Street at about 18:00. The man's injuries are believed not to be life-threatening. The driver of the taxi is thought to be uninjured.
summary A pedestrian has been struck by a taxi in High Street after it mounted the pavement.
Loading Question Generation Pipeline...
Loading Question Answering Pipeline...
Loading Named Entity Recognition Pipeline...
Answers based on SOURCE (Questions are generated from Summary)
[Q] In what street was a pedestrian struck by a taxi?   [Pred] High Street

Answers based on SUMMARY (Questions are generated from Summary)
[Q] In what street was a pedestrian struck by a taxi?   [Pred] High Street

QAGS Score: 1.0

Avg. ROUGE-1: 0.14545454545454545
Avg. ROUGE-2: 0.0425531914893617
Avg. ROUGE-L: 0.14545454545454545
Loading Relation Extraction Pipeline...
SOURCE Entities
1: [('the Caird Hall', 'FAC')]
2: [('High Street', 'FAC'), ('18:00', 'TIME')]
3: []
4: []

SUMMARY Entities
1: [('High Street', 'FAC')]

SOURCE Facts

SUMMARY Facts

COMMON Facts

DIFF Facts

Fact Score: 0.0
/gpfs/home1/scur0666/dl4nlp-text-summarization/metric/summac/summac/model_summac.py:295: UserWarning: Creating a tensor from a list of numpy.ndarrays is extremely slow. Please consider converting the list to a single numpy.ndarray with numpy.array() before converting to a tensor. (Triggered internally at ../torch/csrc/utils/tensor_new.cpp:245.)
  histograms = torch.FloatTensor(histograms).to(self.device)
custom_metric_test {'qags': [1.0], 'rouge': [0.14545454545454545], 'triples': [0.0], 'bleurt': [0.3314804136753082], 'summac': [0.20364519953727722], 'ensemble': [0.3361160317334262]}
Exception ignored in: <function AtomicFunction.__del__ at 0x14c034f11080>
Traceback (most recent call last):
  File "/home/scur0666/.conda/envs/DL4NLP/lib/python3.11/site-packages/tensorflow/python/eager/polymorphic_function/atomic_function.py", line 218, in __del__
TypeError: 'NoneType' object is not subscriptable

JOB STATISTICS
==============
Job ID: 4180247
Cluster: snellius
User/Group: scur0666/scur0666
State: RUNNING
Nodes: 1
Cores per node: 18
CPU Utilized: 00:00:00
CPU Efficiency: 0.00% of 00:14:42 core-walltime
Job Wall-clock time: 00:00:49
Memory Utilized: 0.00 MB (estimated maximum)
Memory Efficiency: 0.00% of 37.11 GB (37.11 GB/node)
WARNING: Efficiency statistics may be misleading for RUNNING jobs.
